<?xml version="1.0" encoding="UTF-8"?>
<!-- Generated by org.testng.reporters.JUnitXMLReporter -->
<testsuite hostname="Prafful-PC" ignored="0" name="Test" tests="4" failures="0" timestamp="19 May 2019 17:05:41 GMT" time="139.166" errors="0">
  <testcase name="loginAndClickTrending" time="13.738" classname="ytPkg.TC1"/>
  <testcase name="loginAndClickSubscription" time="13.536" classname="ytPkg.TC2"/>
  <testcase name="videoPlayAndLike" time="23.822" classname="ytPkg.TC3"/>
  <testcase name="videoPlayAndSubscribe" time="27.612" classname="ytPkg.TC4"/>
</testsuite> <!-- Test -->
