<?xml version="1.0" encoding="UTF-8"?>
<!-- Generated by org.testng.reporters.JUnitXMLReporter -->
<testsuite hostname="Prafful-PC" ignored="0" name="Command line test 0fd9e371-3133-41d0-a8b6-73cf09eb4dbc" tests="2" failures="0" timestamp="04 Jun 2019 18:28:23 GMT" time="70.454" errors="0">
  <testcase name="loginAndClickTrending" time="28.58" classname="ytPkg.TC1"/>
  <testcase name="loginAndClickSubscription" time="13.156" classname="ytPkg.TC2"/>
</testsuite> <!-- Command line test 0fd9e371-3133-41d0-a8b6-73cf09eb4dbc -->
